<?xml version="1.0" encoding="UTF-8"?>
<testng-results ignored="0" total="1" passed="0" failed="1" skipped="0">
  <reporter-output>
  </reporter-output>
  <suite started-at="2024-09-17T09:31:29 IST" name="Default suite" finished-at="2024-09-17T09:31:33 IST" duration-ms="4591">
    <groups>
      <group name="cucumber">
        <method signature="AbstractTestNGCucumberTests.runScenario(io.cucumber.testng.PickleWrapper,io.cucumber.testng.FeatureWrapper)[pri:0, instance:fita.test.Runner@437da279]" name="runScenario" class="io.cucumber.testng.AbstractTestNGCucumberTests"/>
      </group> <!-- cucumber -->
    </groups>
    <test started-at="2024-09-17T09:31:29 IST" name="Default test" finished-at="2024-09-17T09:31:33 IST" duration-ms="4591">
      <class name="fita.test.Runner">
        <test-method is-config="true" signature="setUpClass(org.testng.ITestContext)[pri:0, instance:fita.test.Runner@437da279]" started-at="2024-09-17T09:31:29 IST" name="setUpClass" finished-at="2024-09-17T09:31:29 IST" duration-ms="606" status="PASS">
          <params>
            <param index="0">
              <value>
                <![CDATA[org.testng.TestRunner@e84fb85]]>
              </value>
            </param>
          </params>
          <reporter-output>
          </reporter-output>
        </test-method> <!-- setUpClass -->
        <test-method signature="runScenario(io.cucumber.testng.PickleWrapper,io.cucumber.testng.FeatureWrapper)[pri:0, instance:fita.test.Runner@437da279]" started-at="2024-09-17T09:31:29 IST" name="runScenario" description="Runs Cucumber Scenarios" data-provider="scenarios" finished-at="2024-09-17T09:31:33 IST" duration-ms="3926" status="FAIL">
          <params>
            <param index="0">
              <value>
                <![CDATA["userlogin with credentials"]]>
              </value>
            </param>
            <param index="1">
              <value>
                <![CDATA["Unknown"]]>
              </value>
            </param>
          </params>
          <exception class="io.cucumber.java.PendingException">
            <message>
              <![CDATA[TODO: implement me]]>
            </message>
            <full-stacktrace>
              <![CDATA[io.cucumber.java.PendingException: TODO: implement me
at StepDefinition.StepDefinition.user_enters_the_email(StepDefinition.java:16)
at ✽.user enters the email(file:///C:/Users/dkavi/eclipse-workspace/fitatraining/featuresBDD/Test.feature:24)
]]>
            </full-stacktrace>
          </exception> <!-- io.cucumber.java.PendingException -->
          <reporter-output>
          </reporter-output>
        </test-method> <!-- runScenario -->
        <test-method is-config="true" signature="tearDownClass()[pri:0, instance:fita.test.Runner@437da279]" started-at="2024-09-17T09:31:33 IST" name="tearDownClass" finished-at="2024-09-17T09:31:33 IST" duration-ms="27" status="PASS">
          <reporter-output>
          </reporter-output>
        </test-method> <!-- tearDownClass -->
      </class> <!-- fita.test.Runner -->
    </test> <!-- Default test -->
  </suite> <!-- Default suite -->
</testng-results>
